<?xml version="1.0" encoding="UTF-8"?>
<!-- Generated by org.testng.reporters.JUnitXMLReporter -->
<testsuite ignored="0" hostname="LAPTOP-LVRJVU6R" failures="0" tests="6" name="Default test" time="0.059" errors="0" timestamp="2021-12-17T20:00:28 IST">
  <testcase classname="Testing_Automation_project.TestNG_Features" name="sum" time="0.011"/>
  <testcase classname="Testing_Automation_project.TestNG_Features" name="sum" time="0.001"/>
  <testcase classname="Testing_Automation_project.TestNG_Features" name="sum" time="0.001"/>
  <testcase classname="Testing_Automation_project.TestNG_Features" name="sum" time="0.001"/>
  <testcase classname="Testing_Automation_project.TestNG_Features" name="sum" time="0.001"/>
  <testcase classname="Testing_Automation_project.TestNG_Features" name="test1" time="0.001"/>
</testsuite> <!-- Default test -->
